[0m11:12:13.614023 [debug] [MainThread]: Sending event: {'category': 'dbt', 'action': 'invocation', 'label': 'start', 'context': [<snowplow_tracker.self_describing_json.SelfDescribingJson object at 0x110885010>, <snowplow_tracker.self_describing_json.SelfDescribingJson object at 0x111e53890>, <snowplow_tracker.self_describing_json.SelfDescribingJson object at 0x111e539d0>]}


============================== 11:12:13.622264 | 3874125f-b0a9-4ea7-9067-0fc1f90c4394 ==============================
[0m11:12:13.622264 [info ] [MainThread]: Running with dbt=1.12.0-b1
[0m11:12:13.622722 [debug] [MainThread]: running dbt with arguments {'log_cache_events': 'False', 'partial_parse': 'True', 'profiles_dir': '.', 'log_path': 'logs', 'fail_fast': 'False', 'introspect': 'True', 'target_path': 'None', 'printer_width': '80', 'warn_error': 'None', 'static_parser': 'True', 'warn_error_options': 'WarnErrorOptionsV2(error=[], warn=[], silence=[])', 'send_anonymous_usage_stats': 'True', 'version_check': 'True', 'indirect_selection': 'eager', 'log_format': 'default', 'use_colors': 'True', 'use_experimental_parser': 'False', 'invocation_command': 'dbt init tempo_analytics --profiles-dir .', 'empty': 'None', 'cache_selected_only': 'False', 'write_json': 'True', 'no_print': 'None', 'debug': 'False', 'quiet': 'False'}
[0m11:12:13.635587 [debug] [MainThread]: Starter project path: /Users/ishaanratanshi/Tempo/.venv/lib/python3.13/site-packages/dbt/include/starter_project
[0m11:12:13.640943 [info ] [MainThread]: Setting up your profile.
[0m11:12:13.641573 [error] [MainThread]: [[31mERROR[0m]: Encountered an error:

[0m11:12:13.644257 [error] [MainThread]: Traceback (most recent call last):
  File "/Users/ishaanratanshi/Tempo/.venv/lib/python3.13/site-packages/dbt/cli/requires.py", line 184, in wrapper
    result, success = func(*args, **kwargs)
                      ~~~~^^^^^^^^^^^^^^^^^
  File "/Users/ishaanratanshi/Tempo/.venv/lib/python3.13/site-packages/dbt/cli/requires.py", line 130, in wrapper
    return func(*args, **kwargs)
  File "/Users/ishaanratanshi/Tempo/.venv/lib/python3.13/site-packages/dbt/cli/main.py", line 499, in init
    results = task.run()
  File "/Users/ishaanratanshi/Tempo/.venv/lib/python3.13/site-packages/dbt/task/init.py", line 360, in run
    self.setup_profile(profile_name)
    ~~~~~~~~~~~~~~~~~~^^^^^^^^^^^^^^
  File "/Users/ishaanratanshi/Tempo/.venv/lib/python3.13/site-packages/dbt/task/init.py", line 263, in setup_profile
    adapter = self.ask_for_adapter_choice()
  File "/Users/ishaanratanshi/Tempo/.venv/lib/python3.13/site-packages/dbt/task/init.py", line 244, in ask_for_adapter_choice
    numeric_choice = click.prompt(prompt_msg, type=click.INT)
  File "/Users/ishaanratanshi/Tempo/.venv/lib/python3.13/site-packages/click/termui.py", line 218, in prompt
    value = prompt_func(prompt)
  File "/Users/ishaanratanshi/Tempo/.venv/lib/python3.13/site-packages/click/termui.py", line 201, in prompt_func
    raise Abort() from None
click.exceptions.Abort

[0m11:12:13.647281 [debug] [MainThread]: Resource report: {"command_name": "init", "command_success": false, "command_wall_clock_time": 0.09970821, "process_in_blocks": "0", "process_kernel_time": 0.178278, "process_mem_max_rss": "112345088", "process_out_blocks": "0", "process_user_time": 1.004777}
[0m11:12:13.647690 [debug] [MainThread]: Command `dbt init` failed at 11:12:13.647618 after 0.10 seconds
[0m11:12:13.647952 [debug] [MainThread]: Sending event: {'category': 'dbt', 'action': 'invocation', 'label': 'end', 'context': [<snowplow_tracker.self_describing_json.SelfDescribingJson object at 0x111ea63f0>, <snowplow_tracker.self_describing_json.SelfDescribingJson object at 0x111f23890>, <snowplow_tracker.self_describing_json.SelfDescribingJson object at 0x111f25590>]}
[0m11:12:13.648205 [debug] [MainThread]: Flushing usage events
[0m11:12:14.027131 [debug] [MainThread]: An error was encountered while trying to flush usage events
